
  .   ____          _            __ _ _
 /\\ / ___'_ __ _ _(_)_ __  __ _ \ \ \ \
( ( )\___ | '_ | '_| | '_ \/ _` | \ \ \ \
 \\/  ___)| |_)| | | | | || (_| |  ) ) ) )
  '  |____| .__|_| |_|_| |_\__, | / / / /
 =========|_|==============|___/=/_/_/_/

 :: Spring Boot ::                (v3.5.3)

2026-07-15T15:47:02.492+08:00  INFO 4676 --- [openclaw-model] [           main] c.e.openclaw.OpenclawModelApplication    : Starting OpenclawModelApplication v0.0.1-SNAPSHOT using Java 24.0.1 with PID 4676 (C:\Users\Lenovo\Desktop\openclaw_model\target\openclaw-model-0.0.1-SNAPSHOT.jar started by Lenovo in C:\Users\Lenovo\Desktop\openclaw_model)
2026-07-15T15:47:02.495+08:00  INFO 4676 --- [openclaw-model] [           main] c.e.openclaw.OpenclawModelApplication    : No active profile set, falling back to 1 default profile: "default"
2026-07-15T15:47:04.152+08:00  INFO 4676 --- [openclaw-model] [           main] o.s.b.w.embedded.tomcat.TomcatWebServer  : Tomcat initialized with port 8080 (http)
2026-07-15T15:47:04.172+08:00  INFO 4676 --- [openclaw-model] [           main] o.apache.catalina.core.StandardService   : Starting service [Tomcat]
2026-07-15T15:47:04.172+08:00  INFO 4676 --- [openclaw-model] [           main] o.apache.catalina.core.StandardEngine    : Starting Servlet engine: [Apache Tomcat/10.1.42]
2026-07-15T15:47:04.217+08:00  INFO 4676 --- [openclaw-model] [           main] o.a.c.c.C.[Tomcat].[localhost].[/]       : Initializing Spring embedded WebApplicationContext
2026-07-15T15:47:04.218+08:00  INFO 4676 --- [openclaw-model] [           main] w.s.c.ServletWebServerApplicationContext : Root WebApplicationContext: initialization completed in 1654 ms
2026-07-15T15:47:05.262+08:00  INFO 4676 --- [openclaw-model] [           main] o.s.b.a.e.web.EndpointLinksResolver      : Exposing 2 endpoints beneath base path '/actuator'
2026-07-15T15:47:05.456+08:00  INFO 4676 --- [openclaw-model] [           main] o.s.b.w.embedded.tomcat.TomcatWebServer  : Tomcat started on port 8080 (http) with context path '/'
2026-07-15T15:47:05.474+08:00  INFO 4676 --- [openclaw-model] [           main] c.e.openclaw.OpenclawModelApplication    : Started OpenclawModelApplication in 3.626 seconds (process running for 4.21)
2026-07-15T15:47:06.314+08:00  INFO 4676 --- [openclaw-model] [nio-8080-exec-1] o.a.c.c.C.[Tomcat].[localhost].[/]       : Initializing Spring DispatcherServlet 'dispatcherServlet'
2026-07-15T15:47:06.315+08:00  INFO 4676 --- [openclaw-model] [nio-8080-exec-1] o.s.web.servlet.DispatcherServlet        : Initializing Servlet 'dispatcherServlet'
2026-07-15T15:47:06.317+08:00  INFO 4676 --- [openclaw-model] [nio-8080-exec-1] o.s.web.servlet.DispatcherServlet        : Completed initialization in 1 ms
